<?xml version="1.0" encoding="UTF-8"?>
<testsuite name="SILab2Test" tests="1" skipped="0" failures="0" errors="0" timestamp="2022-05-19T19:55:53" hostname="DESKTOP-VTLH6DH" time="0.029">
  <properties/>
  <testcase name="EveryStatementTestAndEveryBranch()" classname="SILab2Test" time="0.029"/>
  <system-out><![CDATA[]]></system-out>
  <system-err><![CDATA[]]></system-err>
</testsuite>
